{"/home/fred/projects/policypal/PolicyPal/src/components/Chat/ChatInput.jsx": {"path":"/home/fred/projects/policypal/PolicyPal/src/components/Chat/ChatInput.jsx","statementMap":{"0":{"start":{"line":4,"column":26},"end":{"line":4,"column":null}},"1":{"start":{"line":6,"column":25},"end":{"line":11,"column":null}},"2":{"start":{"line":7,"column":8},"end":{"line":7,"column":null}},"3":{"start":{"line":8,"column":8},"end":{"line":8,"column":null}},"4":{"start":{"line":8,"column":39},"end":{"line":8,"column":null}},"5":{"start":{"line":9,"column":8},"end":{"line":9,"column":null}},"6":{"start":{"line":10,"column":8},"end":{"line":10,"column":null}},"7":{"start":{"line":13,"column":4},"end":{"line":30,"column":null}},"8":{"start":{"line":19,"column":33},"end":{"line":19,"column":null}}},"fnMap":{"0":{"name":"ChatInput","decl":{"start":{"line":3,"column":16},"end":{"line":3,"column":26}},"loc":{"start":{"line":3,"column":48},"end":{"line":32,"column":null}},"line":3},"1":{"name":"(anonymous_1)","decl":{"start":{"line":6,"column":25},"end":{"line":6,"column":26}},"loc":{"start":{"line":6,"column":32},"end":{"line":11,"column":null}},"line":6},"2":{"name":"(anonymous_2)","decl":{"start":{"line":19,"column":26},"end":{"line":19,"column":27}},"loc":{"start":{"line":19,"column":33},"end":{"line":19,"column":null}},"line":19}},"branchMap":{"0":{"loc":{"start":{"line":8,"column":8},"end":{"line":8,"column":null}},"type":"if","locations":[{"start":{"line":8,"column":8},"end":{"line":8,"column":null}},{"start":{},"end":{}}],"line":8},"1":{"loc":{"start":{"line":8,"column":12},"end":{"line":8,"column":39}},"type":"binary-expr","locations":[{"start":{"line":8,"column":12},"end":{"line":8,"column":29}},{"start":{"line":8,"column":29},"end":{"line":8,"column":39}}],"line":8},"2":{"loc":{"start":{"line":26,"column":26},"end":{"line":26,"column":null}},"type":"binary-expr","locations":[{"start":{"line":26,"column":26},"end":{"line":26,"column":38}},{"start":{"line":26,"column":38},"end":{"line":26,"column":null}}],"line":26}},"s":{"0":6,"1":6,"2":2,"3":2,"4":1,"5":1,"6":1,"7":6,"8":1},"f":{"0":6,"1":2,"2":1},"b":{"0":[1,1],"1":[2,1],"2":[6,5]},"meta":{"lastBranch":3,"lastFunction":3,"lastStatement":9,"seen":{"f:3:16:3:26":0,"s:4:26:4:Infinity":0,"s:6:25:11:Infinity":1,"f:6:25:6:26":1,"s:7:8:7:Infinity":2,"b:8:8:8:Infinity:undefined:undefined:undefined:undefined":0,"s:8:8:8:Infinity":3,"b:8:12:8:29:8:29:8:39":1,"s:8:39:8:Infinity":4,"s:9:8:9:Infinity":5,"s:10:8:10:Infinity":6,"s:13:4:30:Infinity":7,"f:19:26:19:27":2,"s:19:33:19:Infinity":8,"b:26:26:26:38:26:38:26:Infinity":2}}}
,"/home/fred/projects/policypal/PolicyPal/src/components/Chat/ChatMessage.jsx": {"path":"/home/fred/projects/policypal/PolicyPal/src/components/Chat/ChatMessage.jsx","statementMap":{"0":{"start":{"line":4,"column":4},"end":{"line":24,"column":null}},"1":{"start":{"line":14,"column":28},"end":{"line":19,"column":null}}},"fnMap":{"0":{"name":"ChatMessage","decl":{"start":{"line":3,"column":16},"end":{"line":3,"column":28}},"loc":{"start":{"line":3,"column":65},"end":{"line":26,"column":null}},"line":3},"1":{"name":"(anonymous_1)","decl":{"start":{"line":13,"column":39},"end":{"line":13,"column":40}},"loc":{"start":{"line":14,"column":28},"end":{"line":19,"column":null}},"line":14}},"branchMap":{"0":{"loc":{"start":{"line":3,"column":47},"end":{"line":3,"column":62}},"type":"default-arg","locations":[{"start":{"line":3,"column":59},"end":{"line":3,"column":62}}],"line":3},"1":{"loc":{"start":{"line":5,"column":40},"end":{"line":5,"column":63}},"type":"cond-expr","locations":[{"start":{"line":5,"column":49},"end":{"line":5,"column":58}},{"start":{"line":5,"column":58},"end":{"line":5,"column":63}}],"line":5},"2":{"loc":{"start":{"line":9,"column":13},"end":{"line":22,"column":null}},"type":"binary-expr","locations":[{"start":{"line":9,"column":13},"end":{"line":9,"column":null}},{"start":{"line":10,"column":16},"end":{"line":22,"column":null}}],"line":9},"3":{"loc":{"start":{"line":16,"column":37},"end":{"line":16,"column":null}},"type":"binary-expr","locations":[{"start":{"line":16,"column":37},"end":{"line":16,"column":51}},{"start":{"line":16,"column":51},"end":{"line":16,"column":null}}],"line":16},"4":{"loc":{"start":{"line":18,"column":33},"end":{"line":18,"column":null}},"type":"binary-expr","locations":[{"start":{"line":18,"column":33},"end":{"line":18,"column":49}},{"start":{"line":18,"column":49},"end":{"line":18,"column":null}}],"line":18},"5":{"loc":{"start":{"line":18,"column":82},"end":{"line":18,"column":129}},"type":"binary-expr","locations":[{"start":{"line":18,"column":82},"end":{"line":18,"column":98}},{"start":{"line":18,"column":98},"end":{"line":18,"column":129}}],"line":18}},"s":{"0":4,"1":2},"f":{"0":4,"1":2},"b":{"0":[4],"1":[1,3],"2":[4,2],"3":[2,1],"4":[2,0],"5":[0,0]},"meta":{"lastBranch":6,"lastFunction":2,"lastStatement":2,"seen":{"f:3:16:3:28":0,"b:3:59:3:62":0,"s:4:4:24:Infinity":0,"b:5:49:5:58:5:58:5:63":1,"b:9:13:9:Infinity:10:16:22:Infinity":2,"f:13:39:13:40":1,"s:14:28:19:Infinity":1,"b:16:37:16:51:16:51:16:Infinity":3,"b:18:33:18:49:18:49:18:Infinity":4,"b:18:82:18:98:18:98:18:129":5}}}
}
